<project>

  <modelVersion>4.0.0</modelVersion>
  <groupId>org.codehaus.enunciate</groupId>
  <artifactId>enunciate-test-integration</artifactId>
  <version>@VERSION@</version>

  <dependencies>

    <dependency>
      <groupId>org.codehaus.enunciate</groupId>
      <artifactId>enunciate-core</artifactId>
      <version>@VERSION@</version>
    </dependency>

    <dependency>
      <groupId>org.codehaus.enunciate</groupId>
      <artifactId>enunciate-spring-app-tools</artifactId>
      <version>@VERSION@</version>
    </dependency>

    <dependency>
      <groupId>org.codehaus.enunciate</groupId>
      <artifactId>enunciate-core-test</artifactId>
      <version>@VERSION@</version>
      <scope>test</scope>
    </dependency>

    <dependency>
      <groupId>org.mortbay.jetty</groupId>
      <artifactId>jetty</artifactId>
      <version>6.1.7</version>
    </dependency>

    <dependency>
      <groupId>jdom</groupId>
      <artifactId>jdom</artifactId>
      <version>1.0</version>
    </dependency>

    <dependency>
      <groupId>commons-httpclient</groupId>
      <artifactId>commons-httpclient</artifactId>
      <version>2.0.2</version>
    </dependency>

    <dependency>
      <groupId>org.json</groupId>
      <artifactId>json</artifactId>
      <version>20070829</version>
    </dependency>

    <dependency>
      <groupId>commons-jxpath</groupId>
      <artifactId>commons-jxpath</artifactId>
      <version>1.2</version>
    </dependency>

  </dependencies>

</project>